<?xml version="1.0" encoding="UTF-8"?>
<testng-results ignored="0" total="1" passed="1" failed="0" skipped="0">
  <reporter-output>
  </reporter-output>
  <suite started-at="2023-04-08T01:56:52 BDT" name="Suite" finished-at="2023-04-08T01:59:30 BDT" duration-ms="158506">
    <groups>
    </groups>
    <test started-at="2023-04-08T01:56:52 BDT" name="Test" finished-at="2023-04-08T01:59:30 BDT" duration-ms="158506">
      <class name="testcases.WasiLifeTest">
        <test-method is-config="true" signature="setBrowser()[pri:0, instance:testcases.WasiLifeTest@21129f1f]" started-at="2023-04-08T01:56:52 BDT" name="setBrowser" finished-at="2023-04-08T01:56:56 BDT" duration-ms="4320" status="PASS">
          <reporter-output>
          </reporter-output>
        </test-method> <!-- setBrowser -->
        <test-method signature="visitWafiLife()[pri:0, instance:testcases.WasiLifeTest@21129f1f]" started-at="2023-04-08T01:56:57 BDT" name="visitWafiLife" finished-at="2023-04-08T01:59:30 BDT" duration-ms="153418" status="PASS">
          <reporter-output>
          </reporter-output>
        </test-method> <!-- visitWafiLife -->
        <test-method is-config="true" signature="quitBrowser()[pri:0, instance:testcases.WasiLifeTest@21129f1f]" started-at="2023-04-08T01:59:30 BDT" name="quitBrowser" finished-at="2023-04-08T01:59:30 BDT" duration-ms="450" status="PASS">
          <reporter-output>
          </reporter-output>
        </test-method> <!-- quitBrowser -->
      </class> <!-- testcases.WasiLifeTest -->
    </test> <!-- Test -->
  </suite> <!-- Suite -->
</testng-results>
