<?xml version="1.0" encoding="UTF-8"?>
<testng-results ignored="0" total="1" passed="1" failed="0" skipped="0">
  <reporter-output>
  </reporter-output>
  <suite started-at="2023-04-11T02:34:53 BDT" name="Default suite" finished-at="2023-04-11T02:37:22 BDT" duration-ms="148771">
    <groups>
    </groups>
    <test started-at="2023-04-11T02:34:53 BDT" name="Default test" finished-at="2023-04-11T02:37:22 BDT" duration-ms="148771">
      <class name="testcases.WasiLifeTest">
        <test-method is-config="true" signature="setBrowser()[pri:0, instance:testcases.WasiLifeTest@3f91b517]" started-at="2023-04-11T02:34:53 BDT" name="setBrowser" finished-at="2023-04-11T02:34:57 BDT" duration-ms="4047" status="PASS">
          <reporter-output>
          </reporter-output>
        </test-method> <!-- setBrowser -->
        <test-method signature="visitWafiLife()[pri:0, instance:testcases.WasiLifeTest@3f91b517]" started-at="2023-04-11T02:34:57 BDT" name="visitWafiLife" finished-at="2023-04-11T02:37:21 BDT" duration-ms="143806" status="PASS">
          <reporter-output>
          </reporter-output>
        </test-method> <!-- visitWafiLife -->
        <test-method is-config="true" signature="quitBrowser()[pri:0, instance:testcases.WasiLifeTest@3f91b517]" started-at="2023-04-11T02:37:21 BDT" name="quitBrowser" finished-at="2023-04-11T02:37:22 BDT" duration-ms="558" status="PASS">
          <reporter-output>
          </reporter-output>
        </test-method> <!-- quitBrowser -->
      </class> <!-- testcases.WasiLifeTest -->
    </test> <!-- Default test -->
  </suite> <!-- Default suite -->
</testng-results>
