<?xml version="1.0" encoding="UTF-8"?>
<testng-results ignored="0" total="1" passed="1" failed="0" skipped="0">
  <reporter-output>
  </reporter-output>
  <suite started-at="2023-04-09T22:50:04 BDT" name="Default suite" finished-at="2023-04-09T22:52:32 BDT" duration-ms="148111">
    <groups>
    </groups>
    <test started-at="2023-04-09T22:50:04 BDT" name="Default test" finished-at="2023-04-09T22:52:32 BDT" duration-ms="148111">
      <class name="testcases.WasiLifeTest">
        <test-method is-config="true" signature="setBrowser()[pri:0, instance:testcases.WasiLifeTest@3f91b517]" started-at="2023-04-09T22:50:04 BDT" name="setBrowser" finished-at="2023-04-09T22:50:10 BDT" duration-ms="5807" status="PASS">
          <reporter-output>
          </reporter-output>
        </test-method> <!-- setBrowser -->
        <test-method signature="visitWafiLife()[pri:0, instance:testcases.WasiLifeTest@3f91b517]" started-at="2023-04-09T22:50:10 BDT" name="visitWafiLife" finished-at="2023-04-09T22:52:32 BDT" duration-ms="141406" status="PASS">
          <reporter-output>
          </reporter-output>
        </test-method> <!-- visitWafiLife -->
        <test-method is-config="true" signature="quitBrowser()[pri:0, instance:testcases.WasiLifeTest@3f91b517]" started-at="2023-04-09T22:52:32 BDT" name="quitBrowser" finished-at="2023-04-09T22:52:32 BDT" duration-ms="612" status="PASS">
          <reporter-output>
          </reporter-output>
        </test-method> <!-- quitBrowser -->
      </class> <!-- testcases.WasiLifeTest -->
    </test> <!-- Default test -->
  </suite> <!-- Default suite -->
</testng-results>
